

Microchip Technology PIC LITE Macro Assembler V1.32 build 58300 
                                                                                               Tue Feb 17 21:50:52 2015

Microchip Technology Omniscient Code Generator (Lite mode) build 58300
     1                           	processor	16F1936
     2                           	opt	pw 120
     3                           	opt	lm
     4                           	psect	text0,local,class=CODE,merge=1,delta=2
     5                           	psect	cinit,global,class=CODE,merge=1,delta=2
     6                           	psect	bssCOMMON,global,class=COMMON,space=1,delta=1
     7                           	psect	bssBANK0,global,class=BANK0,space=1,delta=1
     8                           	psect	cstackCOMMON,global,class=COMMON,space=1,delta=1
     9                           	psect	cstackBANK0,global,class=BANK0,space=1,delta=1
    10                           	psect	maintext,global,class=CODE,merge=1,split=1,delta=2
    11                           	psect	text1,local,class=CODE,merge=1,delta=2
    12                           	psect	text2,local,class=CODE,merge=1,delta=2
    13                           	psect	text3,local,class=CODE,merge=1,delta=2
    14                           	dabs	1,0x7E,2
    15  0000                     	;# 
    16  0001                     	;# 
    17  0002                     	;# 
    18  0003                     	;# 
    19  0004                     	;# 
    20  0005                     	;# 
    21  0006                     	;# 
    22  0007                     	;# 
    23  0008                     	;# 
    24  0009                     	;# 
    25  000A                     	;# 
    26  000B                     	;# 
    27  000C                     	;# 
    28  000D                     	;# 
    29  000E                     	;# 
    30  0010                     	;# 
    31  0011                     	;# 
    32  0012                     	;# 
    33  0013                     	;# 
    34  0015                     	;# 
    35  0016                     	;# 
    36  0016                     	;# 
    37  0017                     	;# 
    38  0018                     	;# 
    39  0019                     	;# 
    40  001A                     	;# 
    41  001B                     	;# 
    42  001C                     	;# 
    43  001E                     	;# 
    44  001F                     	;# 
    45  008C                     	;# 
    46  008D                     	;# 
    47  008E                     	;# 
    48  0090                     	;# 
    49  0091                     	;# 
    50  0092                     	;# 
    51  0093                     	;# 
    52  0095                     	;# 
    53  0096                     	;# 
    54  0097                     	;# 
    55  0098                     	;# 
    56  0099                     	;# 
    57  009A                     	;# 
    58  009B                     	;# 
    59  009B                     	;# 
    60  009C                     	;# 
    61  009D                     	;# 
    62  009E                     	;# 
    63  010C                     	;# 
    64  010D                     	;# 
    65  010E                     	;# 
    66  0110                     	;# 
    67  0111                     	;# 
    68  0112                     	;# 
    69  0113                     	;# 
    70  0114                     	;# 
    71  0115                     	;# 
    72  0116                     	;# 
    73  0117                     	;# 
    74  0118                     	;# 
    75  0119                     	;# 
    76  011A                     	;# 
    77  011B                     	;# 
    78  011D                     	;# 
    79  018C                     	;# 
    80  018D                     	;# 
    81  0191                     	;# 
    82  0191                     	;# 
    83  0192                     	;# 
    84  0193                     	;# 
    85  0193                     	;# 
    86  0193                     	;# 
    87  0194                     	;# 
    88  0195                     	;# 
    89  0196                     	;# 
    90  0199                     	;# 
    91  019A                     	;# 
    92  019B                     	;# 
    93  019B                     	;# 
    94  019B                     	;# 
    95  019B                     	;# 
    96  019C                     	;# 
    97  019C                     	;# 
    98  019D                     	;# 
    99  019E                     	;# 
   100  019F                     	;# 
   101  020D                     	;# 
   102  0210                     	;# 
   103  0211                     	;# 
   104  0212                     	;# 
   105  0213                     	;# 
   106  0214                     	;# 
   107  0215                     	;# 
   108  0215                     	;# 
   109  0216                     	;# 
   110  0217                     	;# 
   111  0291                     	;# 
   112  0291                     	;# 
   113  0292                     	;# 
   114  0293                     	;# 
   115  0294                     	;# 
   116  0295                     	;# 
   117  0295                     	;# 
   118  0296                     	;# 
   119  0298                     	;# 
   120  0298                     	;# 
   121  0299                     	;# 
   122  029A                     	;# 
   123  029B                     	;# 
   124  029C                     	;# 
   125  029C                     	;# 
   126  029D                     	;# 
   127  029E                     	;# 
   128  029F                     	;# 
   129  0311                     	;# 
   130  0311                     	;# 
   131  0312                     	;# 
   132  0313                     	;# 
   133  0314                     	;# 
   134  0315                     	;# 
   135  0315                     	;# 
   136  0316                     	;# 
   137  0318                     	;# 
   138  0318                     	;# 
   139  0319                     	;# 
   140  031A                     	;# 
   141  031C                     	;# 
   142  031C                     	;# 
   143  031D                     	;# 
   144  031E                     	;# 
   145  0394                     	;# 
   146  0395                     	;# 
   147  0396                     	;# 
   148  0415                     	;# 
   149  0416                     	;# 
   150  0417                     	;# 
   151  041C                     	;# 
   152  041D                     	;# 
   153  041E                     	;# 
   154  0791                     	;# 
   155  0792                     	;# 
   156  0793                     	;# 
   157  0794                     	;# 
   158  0795                     	;# 
   159  0798                     	;# 
   160  0799                     	;# 
   161  07A0                     	;# 
   162  07A1                     	;# 
   163  07A3                     	;# 
   164  07A4                     	;# 
   165  07A6                     	;# 
   166  07A7                     	;# 
   167  07A9                     	;# 
   168  07AA                     	;# 
   169  0FE4                     	;# 
   170  0FE5                     	;# 
   171  0FE6                     	;# 
   172  0FE7                     	;# 
   173  0FE8                     	;# 
   174  0FE9                     	;# 
   175  0FEA                     	;# 
   176  0FEB                     	;# 
   177  0FED                     	;# 
   178  0FEE                     	;# 
   179  0FEF                     	;# 
   180  009D                     _ADCON0	set	157
   181  009C                     _ADRESH	set	156
   182  009B                     _ADRESL	set	155
   183  0099                     _OSCCONbits	set	153
   184  008E                     _TRISCbits	set	142
   185  010E                     _LATCbits	set	270
   186                           
   187                           	psect	text0
   188  0000                     __ptext0:	
   189                           ; #config settings
   190                           
   191                           
   192                           ;psect for function _Data0
   193  0000                     
   194                           	psect	cinit
   195  07F9                     start_initialization:	
   196  07F9                     __initialization:	
   197                           
   198                           ; Clear objects allocated to COMMON
   199  07F9  01FD               	clrf	__pbssCOMMON& (0+127)
   200                           
   201                           ; Clear objects allocated to BANK0
   202  07FA  01A4               	clrf	__pbssBANK0& (0+127)
   203  07FB  01A5               	clrf	(__pbssBANK0+1)& (0+127)
   204  07FC                     end_of_initialization:	
   205                           ;End of C runtime variable initialization code
   206                           
   207  07FC                     __end_of__initialization:	
   208  07FC  107E               	bcf	pic14e$flags,0	;clear compiler interrupt flag
   209  07FD  0020               	movlb	0
   210  07FE  3187  2F15         	ljmp	_main	;jump to C main() function
   211                           
   212                           	psect	bssCOMMON
   213  007D                     __pbssCOMMON:	
   214  007D                     _R:	
   215  007D                     	ds	1
   216                           
   217                           	psect	bssBANK0
   218  0024                     __pbssBANK0:	
   219  0024                     _B:	
   220  0024                     	ds	1
   221  0025                     _G:	
   222  0025                     	ds	1
   223                           
   224                           	psect	cstackCOMMON
   225  0070                     __pcstackCOMMON:	
   226  0070                     ?_Data1:	
   227  0070                     ??_Data1:	
   228                           ; 0 bytes @ 0x0
   229                           
   230  0070                     ?_Data0:	
   231                           ; 0 bytes @ 0x0
   232                           
   233  0070                     ??_Data0:	
   234                           ; 0 bytes @ 0x0
   235                           
   236  0070                     ?_SendLED:	
   237                           ; 0 bytes @ 0x0
   238                           
   239  0070                     SendLED@num:	
   240                           ; 2 bytes @ 0x0
   241                           
   242                           
   243                           ; 2 bytes @ 0x0
   244  0070                     	ds	2
   245  0072                     ??_SendLED:	
   246                           
   247                           ; 0 bytes @ 0x2
   248  0072                     	ds	1
   249  0073                     SendLED@loopNum:	
   250                           
   251                           ; 2 bytes @ 0x3
   252  0073                     	ds	2
   253  0075                     SendLED@loop8:	
   254                           
   255                           ; 2 bytes @ 0x5
   256  0075                     	ds	2
   257  0077                     SendLED@comp:	
   258                           
   259                           ; 2 bytes @ 0x7
   260  0077                     	ds	2
   261  0079                     ?_main:	
   262  0079                     main@argc:	
   263                           ; 2 bytes @ 0x9
   264                           
   265                           
   266                           ; 2 bytes @ 0x9
   267  0079                     	ds	2
   268  007B                     main@argv:	
   269                           
   270                           ; 2 bytes @ 0xB
   271  007B                     	ds	2
   272                           
   273                           	psect	cstackBANK0
   274  0020                     __pcstackBANK0:	
   275  0020                     ??_main:	
   276                           
   277                           ; 0 bytes @ 0x0
   278  0020                     	ds	2
   279  0022                     main@i:	
   280                           
   281                           ; 2 bytes @ 0x2
   282  0022                     	ds	2
   283                           
   284                           	psect	maintext
   285  0715                     __pmaintext:	
   286 ;;
   287 ;;Main: autosize = 0, tempsize = 2, incstack = 0, save=0
   288 ;;
   289 ;; *************** function _main *****************
   290 ;; Defined at:
   291 ;;		line 100 in file "newmain.c"
   292 ;; Parameters:    Size  Location     Type
   293 ;;  argc            2    9[COMMON] int 
   294 ;;  argv            2   11[COMMON] PTR PTR unsigned char 
   295 ;; Auto vars:     Size  Location     Type
   296 ;;  i               2    2[BANK0 ] unsigned int 
   297 ;; Return value:  Size  Location     Type
   298 ;;                  2    9[COMMON] int 
   299 ;; Registers used:
   300 ;;		wreg, fsr1l, fsr1h, status,2, status,0, pclath, cstack
   301 ;; Tracked objects:
   302 ;;		On entry : 17F/0
   303 ;;		On exit  : 0/0
   304 ;;		Unchanged: 0/0
   305 ;; Data sizes:     COMMON   BANK0   BANK1   BANK2   BANK3   BANK4   BANK5   BANK6
   306 ;;      Params:         4       0       0       0       0       0       0       0
   307 ;;      Locals:         0       2       0       0       0       0       0       0
   308 ;;      Temps:          0       2       0       0       0       0       0       0
   309 ;;      Totals:         4       4       0       0       0       0       0       0
   310 ;;Total ram usage:        8 bytes
   311 ;; Hardware stack levels required when called:    2
   312 ;; This function calls:
   313 ;;		_SendLED
   314 ;; This function is called by:
   315 ;;		Startup code after reset
   316 ;; This function uses a non-reentrant model
   317 ;;
   318                           
   319                           
   320                           ;psect for function _main
   321  0715                     _main:	
   322                           
   323                           ;newmain.c: 102: TRISCbits.TRISC0=0;
   324                           
   325                           ;incstack = 0
   326                           ; Regs used in _main: [wreg+fsr1l+fsr1h+status,2+status,0+pclath+cstack]
   327  0715  0021               	movlb	1	; select bank1
   328  0716  100E               	bcf	14,0	;volatile
   329                           
   330                           ;newmain.c: 105: OSCCONbits.IRCF = 0b1110;
   331  0717  0819               	movf	25,w	;volatile
   332  0718  3987               	andlw	-121
   333  0719  3870               	iorlw	112
   334  071A  0099               	movwf	25	;volatile
   335                           
   336                           ;newmain.c: 108: unsigned int i;
   337                           ;newmain.c: 109: R[0]=64;G[0]=64;B[0]=64;
   338  071B  3040               	movlw	64
   339  071C  0020               	movlb	0	; select bank0
   340  071D  00A0               	movwf	??_main
   341  071E  0820               	movf	??_main,w
   342  071F  00FD               	movwf	_R
   343  0720  3040               	movlw	64
   344  0721  00A0               	movwf	??_main
   345  0722  0820               	movf	??_main,w
   346  0723  00A5               	movwf	_G
   347  0724  3040               	movlw	64
   348  0725  00A0               	movwf	??_main
   349  0726  0820               	movf	??_main,w
   350  0727  00A4               	movwf	_B
   351  0728                     l689:	
   352                           ;newmain.c: 111: while(1){
   353                           
   354                           
   355                           ;newmain.c: 112: SendLED(1);
   356  0728  3001               	movlw	1
   357  0729  00F0               	movwf	SendLED@num
   358  072A  3000               	movlw	0
   359  072B  00F1               	movwf	SendLED@num+1
   360  072C  3187  274A  3187   	fcall	_SendLED
   361                           
   362                           ;newmain.c: 113: R[0]=i;
   363  072F  0020               	movlb	0	; select bank0
   364  0730  0822               	movf	main@i,w
   365  0731  00A0               	movwf	??_main
   366  0732  0820               	movf	??_main,w
   367  0733  00FD               	movwf	_R
   368                           
   369                           ;newmain.c: 114: G[0]=i;
   370  0734  0822               	movf	main@i,w
   371  0735  00A0               	movwf	??_main
   372  0736  0820               	movf	??_main,w
   373  0737  00A5               	movwf	_G
   374                           
   375                           ;newmain.c: 115: B[0]=i;
   376  0738  0822               	movf	main@i,w
   377  0739  00A0               	movwf	??_main
   378  073A  0820               	movf	??_main,w
   379  073B  00A4               	movwf	_B
   380                           
   381                           ;newmain.c: 116: i++;
   382  073C  3001               	movlw	1
   383  073D  07A2               	addwf	main@i,f
   384  073E  3000               	movlw	0
   385  073F  3DA3               	addwfc	main@i+1,f
   386                           
   387                           ;newmain.c: 117: _delay((unsigned long)((10)*(16000000/4000.0)));
   388  0740  3034               	movlw	52
   389  0741  00A1               	movwf	??_main+1
   390  0742  30F1               	movlw	241
   391  0743  00A0               	movwf	??_main
   392  0744                     u227:	
   393  0744  0BA0               	decfsz	??_main,f
   394  0745  2F44               	goto	u227
   395  0746  0BA1               	decfsz	??_main+1,f
   396  0747  2F44               	goto	u227
   397  0748  3200               	nop2
   398  0749  2F28               	goto	l689
   399  074A                     __end_of_main:	
   400                           ;newmain.c: 118: }
   401                           ;newmain.c: 120: return (0);
   402                           ;	Return value of _main is never used
   403                           
   404                           
   405                           	psect	text1
   406  074A                     __ptext1:	
   407 ;; *************** function _SendLED *****************
   408 ;; Defined at:
   409 ;;		line 74 in file "newmain.c"
   410 ;; Parameters:    Size  Location     Type
   411 ;;  num             2    0[COMMON] int 
   412 ;; Auto vars:     Size  Location     Type
   413 ;;  comp            2    7[COMMON] int 
   414 ;;  loop8           2    5[COMMON] int 
   415 ;;  loopNum         2    3[COMMON] int 
   416 ;; Return value:  Size  Location     Type
   417 ;;                  2    0[COMMON] int 
   418 ;; Registers used:
   419 ;;		wreg, fsr1l, fsr1h, status,2, status,0, pclath, cstack
   420 ;; Tracked objects:
   421 ;;		On entry : 0/0
   422 ;;		On exit  : 0/0
   423 ;;		Unchanged: 0/0
   424 ;; Data sizes:     COMMON   BANK0   BANK1   BANK2   BANK3   BANK4   BANK5   BANK6
   425 ;;      Params:         2       0       0       0       0       0       0       0
   426 ;;      Locals:         6       0       0       0       0       0       0       0
   427 ;;      Temps:          1       0       0       0       0       0       0       0
   428 ;;      Totals:         9       0       0       0       0       0       0       0
   429 ;;Total ram usage:        9 bytes
   430 ;; Hardware stack levels used:    1
   431 ;; Hardware stack levels required when called:    1
   432 ;; This function calls:
   433 ;;		_Data0
   434 ;;		_Data1
   435 ;; This function is called by:
   436 ;;		_main
   437 ;; This function uses a non-reentrant model
   438 ;;
   439                           
   440                           
   441                           ;psect for function _SendLED
   442  074A                     _SendLED:	
   443                           
   444                           ;newmain.c: 75: int loop8,loopNum;
   445                           ;newmain.c: 76: int comp;
   446                           ;newmain.c: 77: for(loopNum=0;loopNum<num;loopNum++){
   447                           
   448                           ;incstack = 0
   449                           ; Regs used in _SendLED: [wreg+fsr1l+fsr1h+status,2+status,0+pclath+cstack]
   450  074A  01F3               	clrf	SendLED@loopNum
   451  074B  01F4               	clrf	SendLED@loopNum+1
   452  074C                     l35:	
   453  074C  0874               	movf	SendLED@loopNum+1,w
   454  074D  3A80               	xorlw	128
   455  074E  00F2               	movwf	??_SendLED
   456  074F  0871               	movf	SendLED@num+1,w
   457  0750  3A80               	xorlw	128
   458  0751  0272               	subwf	??_SendLED,w
   459  0752  1D03               	skipz
   460  0753  2F56               	goto	u215
   461  0754  0870               	movf	SendLED@num,w
   462  0755  0273               	subwf	SendLED@loopNum,w
   463  0756                     u215:	
   464  0756  1803               	btfsc	3,0
   465  0757  2FF3               	goto	l677
   466                           
   467                           ;newmain.c: 78: comp=128;
   468  0758  3080               	movlw	128
   469  0759  00F7               	movwf	SendLED@comp
   470  075A  3000               	movlw	0
   471  075B  00F8               	movwf	SendLED@comp+1
   472                           
   473                           ;newmain.c: 79: for(loop8=0;loop8<8;loop8++){
   474  075C  01F5               	clrf	SendLED@loop8
   475  075D  01F6               	clrf	SendLED@loop8+1
   476  075E  0876               	movf	SendLED@loop8+1,w
   477  075F  3A80               	xorlw	128
   478  0760  00F2               	movwf	??_SendLED
   479  0761  3080               	movlw	128
   480  0762  0272               	subwf	??_SendLED,w
   481  0763  3008               	movlw	8
   482  0764  1903               	btfsc	3,2
   483  0765  0275               	subwf	SendLED@loop8,w
   484  0766  1803               	btfsc	3,0
   485  0767  2F8A               	goto	l635
   486  0768                     l623:	
   487                           
   488                           ;newmain.c: 80: if(comp&G[loopNum]){Data1();}else{Data0();}
   489  0768  0873               	movf	SendLED@loopNum,w
   490  0769  3E25               	addlw	_G& (0+255)
   491  076A  0086               	movwf	6
   492  076B  0187               	clrf	7
   493  076C  0801               	movf	1,w
   494  076D  0577               	andwf	SendLED@comp,w
   495  076E  1903               	btfsc	3,2
   496  076F  2F74               	goto	l627
   497  0770  3187  270B  3187   	fcall	_Data1
   498  0773  2F77               	goto	l629
   499  0774                     l627:	
   500  0774  3187  2705  3187   	fcall	_Data0
   501  0777                     l629:	
   502                           
   503                           ;newmain.c: 81: comp = comp>>1;
   504  0777  0D78               	rlf	SendLED@comp+1,w
   505  0778  0C78               	rrf	SendLED@comp+1,w
   506  0779  00F8               	movwf	SendLED@comp+1
   507  077A  0C77               	rrf	SendLED@comp,w
   508  077B  00F7               	movwf	SendLED@comp
   509  077C  3001               	movlw	1
   510  077D  07F5               	addwf	SendLED@loop8,f
   511  077E  3000               	movlw	0
   512  077F  3DF6               	addwfc	SendLED@loop8+1,f
   513  0780  0876               	movf	SendLED@loop8+1,w
   514  0781  3A80               	xorlw	128
   515  0782  00F2               	movwf	??_SendLED
   516  0783  3080               	movlw	128
   517  0784  0272               	subwf	??_SendLED,w
   518  0785  3008               	movlw	8
   519  0786  1903               	btfsc	3,2
   520  0787  0275               	subwf	SendLED@loop8,w
   521  0788  1C03               	skipc
   522  0789  2F68               	goto	l623
   523  078A                     l635:	
   524                           
   525                           ;newmain.c: 82: }
   526                           ;newmain.c: 83: comp=128;
   527  078A  3080               	movlw	128
   528  078B  00F7               	movwf	SendLED@comp
   529  078C  3000               	movlw	0
   530  078D  00F8               	movwf	SendLED@comp+1
   531                           
   532                           ;newmain.c: 84: for(loop8=0;loop8<8;loop8++){
   533  078E  01F5               	clrf	SendLED@loop8
   534  078F  01F6               	clrf	SendLED@loop8+1
   535  0790  0876               	movf	SendLED@loop8+1,w
   536  0791  3A80               	xorlw	128
   537  0792  00F2               	movwf	??_SendLED
   538  0793  3080               	movlw	128
   539  0794  0272               	subwf	??_SendLED,w
   540  0795  3008               	movlw	8
   541  0796  1903               	btfsc	3,2
   542  0797  0275               	subwf	SendLED@loop8,w
   543  0798  1803               	btfsc	3,0
   544  0799  2FBC               	goto	l655
   545  079A                     l643:	
   546                           
   547                           ;newmain.c: 85: if(comp&R[loopNum]){Data1();}else{Data0();}
   548  079A  0873               	movf	SendLED@loopNum,w
   549  079B  3E7D               	addlw	_R& (0+255)
   550  079C  0086               	movwf	6
   551  079D  0187               	clrf	7
   552  079E  0801               	movf	1,w
   553  079F  0577               	andwf	SendLED@comp,w
   554  07A0  1903               	btfsc	3,2
   555  07A1  2FA6               	goto	l647
   556  07A2  3187  270B  3187   	fcall	_Data1
   557  07A5  2FA9               	goto	l649
   558  07A6                     l647:	
   559  07A6  3187  2705  3187   	fcall	_Data0
   560  07A9                     l649:	
   561                           
   562                           ;newmain.c: 86: comp = comp>>1;
   563  07A9  0D78               	rlf	SendLED@comp+1,w
   564  07AA  0C78               	rrf	SendLED@comp+1,w
   565  07AB  00F8               	movwf	SendLED@comp+1
   566  07AC  0C77               	rrf	SendLED@comp,w
   567  07AD  00F7               	movwf	SendLED@comp
   568  07AE  3001               	movlw	1
   569  07AF  07F5               	addwf	SendLED@loop8,f
   570  07B0  3000               	movlw	0
   571  07B1  3DF6               	addwfc	SendLED@loop8+1,f
   572  07B2  0876               	movf	SendLED@loop8+1,w
   573  07B3  3A80               	xorlw	128
   574  07B4  00F2               	movwf	??_SendLED
   575  07B5  3080               	movlw	128
   576  07B6  0272               	subwf	??_SendLED,w
   577  07B7  3008               	movlw	8
   578  07B8  1903               	btfsc	3,2
   579  07B9  0275               	subwf	SendLED@loop8,w
   580  07BA  1C03               	skipc
   581  07BB  2F9A               	goto	l643
   582  07BC                     l655:	
   583                           
   584                           ;newmain.c: 87: }
   585                           ;newmain.c: 88: comp=128;
   586  07BC  3080               	movlw	128
   587  07BD  00F7               	movwf	SendLED@comp
   588  07BE  3000               	movlw	0
   589  07BF  00F8               	movwf	SendLED@comp+1
   590                           
   591                           ;newmain.c: 89: for(loop8=0;loop8<8;loop8++){
   592  07C0  01F5               	clrf	SendLED@loop8
   593  07C1  01F6               	clrf	SendLED@loop8+1
   594  07C2  0876               	movf	SendLED@loop8+1,w
   595  07C3  3A80               	xorlw	128
   596  07C4  00F2               	movwf	??_SendLED
   597  07C5  3080               	movlw	128
   598  07C6  0272               	subwf	??_SendLED,w
   599  07C7  3008               	movlw	8
   600  07C8  1903               	btfsc	3,2
   601  07C9  0275               	subwf	SendLED@loop8,w
   602  07CA  1803               	btfsc	3,0
   603  07CB  2FEE               	goto	l675
   604  07CC                     l663:	
   605                           
   606                           ;newmain.c: 90: if(comp&B[loopNum]){Data1();}else{Data0();}
   607  07CC  0873               	movf	SendLED@loopNum,w
   608  07CD  3E24               	addlw	_B& (0+255)
   609  07CE  0086               	movwf	6
   610  07CF  0187               	clrf	7
   611  07D0  0801               	movf	1,w
   612  07D1  0577               	andwf	SendLED@comp,w
   613  07D2  1903               	btfsc	3,2
   614  07D3  2FD8               	goto	l667
   615  07D4  3187  270B  3187   	fcall	_Data1
   616  07D7  2FDB               	goto	l669
   617  07D8                     l667:	
   618  07D8  3187  2705  3187   	fcall	_Data0
   619  07DB                     l669:	
   620                           
   621                           ;newmain.c: 91: comp = comp>>1;
   622  07DB  0D78               	rlf	SendLED@comp+1,w
   623  07DC  0C78               	rrf	SendLED@comp+1,w
   624  07DD  00F8               	movwf	SendLED@comp+1
   625  07DE  0C77               	rrf	SendLED@comp,w
   626  07DF  00F7               	movwf	SendLED@comp
   627  07E0  3001               	movlw	1
   628  07E1  07F5               	addwf	SendLED@loop8,f
   629  07E2  3000               	movlw	0
   630  07E3  3DF6               	addwfc	SendLED@loop8+1,f
   631  07E4  0876               	movf	SendLED@loop8+1,w
   632  07E5  3A80               	xorlw	128
   633  07E6  00F2               	movwf	??_SendLED
   634  07E7  3080               	movlw	128
   635  07E8  0272               	subwf	??_SendLED,w
   636  07E9  3008               	movlw	8
   637  07EA  1903               	btfsc	3,2
   638  07EB  0275               	subwf	SendLED@loop8,w
   639  07EC  1C03               	skipc
   640  07ED  2FCC               	goto	l663
   641  07EE                     l675:	
   642  07EE  3001               	movlw	1
   643  07EF  07F3               	addwf	SendLED@loopNum,f
   644  07F0  3000               	movlw	0
   645  07F1  3DF4               	addwfc	SendLED@loopNum+1,f
   646  07F2  2F4C               	goto	l35
   647  07F3                     l677:	
   648                           
   649                           ;newmain.c: 92: }
   650                           ;newmain.c: 94: }
   651                           ;newmain.c: 95: _delay((unsigned long)((50)*(16000000/4000000.0)));
   652  07F3  3042               	movlw	66
   653  07F4  00F2               	movwf	??_SendLED
   654  07F5                     u237:	
   655  07F5  0BF2               	decfsz	??_SendLED,f
   656  07F6  2FF5               	goto	u237
   657  07F7  0000               	nop
   658  07F8  0008               	return
   659  07F9                     __end_of_SendLED:	
   660                           
   661                           	psect	text2
   662  070B                     __ptext2:	
   663 ;; *************** function _Data1 *****************
   664 ;; Defined at:
   665 ;;		line 58 in file "newmain.c"
   666 ;; Parameters:    Size  Location     Type
   667 ;;		None
   668 ;; Auto vars:     Size  Location     Type
   669 ;;		None
   670 ;; Return value:  Size  Location     Type
   671 ;;		None               void
   672 ;; Registers used:
   673 ;;		None
   674 ;; Tracked objects:
   675 ;;		On entry : 0/0
   676 ;;		On exit  : 0/0
   677 ;;		Unchanged: 0/0
   678 ;; Data sizes:     COMMON   BANK0   BANK1   BANK2   BANK3   BANK4   BANK5   BANK6
   679 ;;      Params:         0       0       0       0       0       0       0       0
   680 ;;      Locals:         0       0       0       0       0       0       0       0
   681 ;;      Temps:          0       0       0       0       0       0       0       0
   682 ;;      Totals:         0       0       0       0       0       0       0       0
   683 ;;Total ram usage:        0 bytes
   684 ;; Hardware stack levels used:    1
   685 ;; This function calls:
   686 ;;		Nothing
   687 ;; This function is called by:
   688 ;;		_SendLED
   689 ;; This function uses a non-reentrant model
   690 ;;
   691                           
   692                           
   693                           ;psect for function _Data1
   694  070B                     _Data1:	
   695                           
   696                           ;newmain.c: 59: LATCbits.LATC0=1;
   697                           
   698                           ;incstack = 0
   699                           ; Regs used in _Data1: []
   700  070B  0022               	movlb	2	; select bank2
   701  070C  140E               	bsf	14,0	;volatile
   702  070D  0000               	nop	;# 
   703  070E  0000               	nop	;# 
   704  070F  0000               	nop	;# 
   705  0710  0000               	nop	;# 
   706  0711  0000               	nop	;# 
   707                           
   708                           ;newmain.c: 65: LATCbits.LATC0=0;
   709  0712  0022               	movlb	2	; select bank2
   710  0713  100E               	bcf	14,0	;volatile
   711  0714  0008               	return
   712  0715                     __end_of_Data1:	
   713                           
   714                           	psect	text3
   715  0705                     __ptext3:	
   716 ;; *************** function _Data0 *****************
   717 ;; Defined at:
   718 ;;		line 68 in file "newmain.c"
   719 ;; Parameters:    Size  Location     Type
   720 ;;		None
   721 ;; Auto vars:     Size  Location     Type
   722 ;;		None
   723 ;; Return value:  Size  Location     Type
   724 ;;		None               void
   725 ;; Registers used:
   726 ;;		None
   727 ;; Tracked objects:
   728 ;;		On entry : 0/0
   729 ;;		On exit  : 0/0
   730 ;;		Unchanged: 0/0
   731 ;; Data sizes:     COMMON   BANK0   BANK1   BANK2   BANK3   BANK4   BANK5   BANK6
   732 ;;      Params:         0       0       0       0       0       0       0       0
   733 ;;      Locals:         0       0       0       0       0       0       0       0
   734 ;;      Temps:          0       0       0       0       0       0       0       0
   735 ;;      Totals:         0       0       0       0       0       0       0       0
   736 ;;Total ram usage:        0 bytes
   737 ;; Hardware stack levels used:    1
   738 ;; This function calls:
   739 ;;		Nothing
   740 ;; This function is called by:
   741 ;;		_SendLED
   742 ;; This function uses a non-reentrant model
   743 ;;
   744                           
   745                           
   746                           ;psect for function _Data0
   747  0705                     _Data0:	
   748                           
   749                           ;newmain.c: 69: LATCbits.LATC0=1;
   750                           
   751                           ;incstack = 0
   752                           ; Regs used in _Data0: []
   753  0705  0022               	movlb	2	; select bank2
   754  0706  140E               	bsf	14,0	;volatile
   755  0707  0000               	nop	;# 
   756                           
   757                           ;newmain.c: 71: LATCbits.LATC0=0;
   758  0708  0022               	movlb	2	; select bank2
   759  0709  100E               	bcf	14,0	;volatile
   760  070A  0008               	return
   761  070B                     __end_of_Data0:	
   762  007E                     btemp	set	126	;btemp
   763  007E                     pic14e$flags	set	126
   764  007E                     wtemp	set	126
   765  007E                     wtemp0	set	126
   766  0080                     wtemp1	set	128
   767  0082                     wtemp2	set	130
   768  0084                     wtemp3	set	132
   769  0086                     wtemp4	set	134
   770  0088                     wtemp5	set	136
   771  007F                     wtemp6	set	127
   772  007E                     ttemp	set	126
   773  007E                     ttemp0	set	126
   774  0081                     ttemp1	set	129
   775  0084                     ttemp2	set	132
   776  0087                     ttemp3	set	135
   777  007F                     ttemp4	set	127
   778  007E                     ltemp	set	126
   779  007E                     ltemp0	set	126
   780  0082                     ltemp1	set	130
   781  0086                     ltemp2	set	134
   782  0080                     ltemp3	set	128


Data Sizes:
    Strings     0
    Constant    0
    Data        0
    BSS         3
    Persistent  0
    Stack       0

Auto Spaces:
    Space          Size  Autos    Used
    COMMON           14     13      14
    BANK0            80      4       6
    BANK1            80      0       0
    BANK2            80      0       0
    BANK3            80      0       0
    BANK4            80      0       0
    BANK5            80      0       0
    BANK6            16      0       0

Pointer List with Targets:

    None.

Critical Paths under _main in COMMON

    _main->_SendLED

Critical Paths under _main in BANK0

    None.

Critical Paths under _main in BANK1

    None.

Critical Paths under _main in BANK2

    None.

Critical Paths under _main in BANK3

    None.

Critical Paths under _main in BANK4

    None.

Critical Paths under _main in BANK5

    None.

Critical Paths under _main in BANK6

    None.

Call Graph Tables:

 ---------------------------------------------------------------------------------
 (Depth) Function   	        Calls       Base Space   Used Autos Params    Refs
 ---------------------------------------------------------------------------------
 (0) _main                                                 8     4      4     508
                                              9 COMMON     4     0      4
                                              0 BANK0      4     4      0
                            _SendLED
 ---------------------------------------------------------------------------------
 (1) _SendLED                                              9     7      2     441
                                              0 COMMON     9     7      2
                              _Data0
                              _Data1
 ---------------------------------------------------------------------------------
 (2) _Data1                                                0     0      0       0
 ---------------------------------------------------------------------------------
 (2) _Data0                                                0     0      0       0
 ---------------------------------------------------------------------------------
 Estimated maximum stack depth 2
 ---------------------------------------------------------------------------------

 Call Graph Graphs:

 _main (ROOT)
   _SendLED
     _Data0
     _Data1

 Address spaces:
Name               Size   Autos  Total    Cost      Usage
BIGRAM             1F0      0       0       0        0.0%
EEDATA             100      0       0       0        0.0%
NULL                 0      0       0       0        0.0%
CODE                 0      0       0       0        0.0%
BITCOMMON            E      0       0       1        0.0%
BITSFR0              0      0       0       1        0.0%
SFR0                 0      0       0       1        0.0%
COMMON               E      D       E       2      100.0%
BITSFR1              0      0       0       2        0.0%
SFR1                 0      0       0       2        0.0%
BITSFR2              0      0       0       3        0.0%
SFR2                 0      0       0       3        0.0%
STACK                0      0       0       3        0.0%
BITSFR3              0      0       0       4        0.0%
SFR3                 0      0       0       4        0.0%
ABS                  0      0      14       4        0.0%
BITBANK0            50      0       0       5        0.0%
BITSFR4              0      0       0       5        0.0%
SFR4                 0      0       0       5        0.0%
BANK0               50      4       6       6        7.5%
BITSFR5              0      0       0       6        0.0%
SFR5                 0      0       0       6        0.0%
BITBANK1            50      0       0       7        0.0%
BITSFR6              0      0       0       7        0.0%
SFR6                 0      0       0       7        0.0%
BANK1               50      0       0       8        0.0%
BITSFR7              0      0       0       8        0.0%
SFR7                 0      0       0       8        0.0%
BITBANK2            50      0       0       9        0.0%
BITSFR8              0      0       0       9        0.0%
SFR8                 0      0       0       9        0.0%
BANK2               50      0       0      10        0.0%
BITSFR9              0      0       0      10        0.0%
SFR9                 0      0       0      10        0.0%
BITBANK3            50      0       0      11        0.0%
BITSFR10             0      0       0      11        0.0%
SFR10                0      0       0      11        0.0%
BANK3               50      0       0      12        0.0%
BITSFR11             0      0       0      12        0.0%
SFR11                0      0       0      12        0.0%
BITBANK4            50      0       0      13        0.0%
BITSFR12             0      0       0      13        0.0%
SFR12                0      0       0      13        0.0%
BANK4               50      0       0      14        0.0%
BITSFR13             0      0       0      14        0.0%
SFR13                0      0       0      14        0.0%
BITBANK5            50      0       0      15        0.0%
BITSFR14             0      0       0      15        0.0%
SFR14                0      0       0      15        0.0%
BANK5               50      0       0      16        0.0%
BITSFR15             0      0       0      16        0.0%
SFR15                0      0       0      16        0.0%
BITBANK6            10      0       0      17        0.0%
BITSFR16             0      0       0      17        0.0%
SFR16                0      0       0      17        0.0%
BANK6               10      0       0      18        0.0%
BITSFR17             0      0       0      18        0.0%
SFR17                0      0       0      18        0.0%
BITSFR18             0      0       0      19        0.0%
SFR18                0      0       0      19        0.0%
DATA                 0      0      14      19        0.0%
BITSFR19             0      0       0      20        0.0%
SFR19                0      0       0      20        0.0%
BITSFR20             0      0       0      21        0.0%
SFR20                0      0       0      21        0.0%
BITSFR21             0      0       0      22        0.0%
SFR21                0      0       0      22        0.0%
BITSFR22             0      0       0      23        0.0%
SFR22                0      0       0      23        0.0%
BITSFR23             0      0       0      24        0.0%
SFR23                0      0       0      24        0.0%
BITSFR24             0      0       0      25        0.0%
SFR24                0      0       0      25        0.0%
BITSFR25             0      0       0      26        0.0%
SFR25                0      0       0      26        0.0%
BITSFR26             0      0       0      27        0.0%
SFR26                0      0       0      27        0.0%
BITSFR27             0      0       0      28        0.0%
SFR27                0      0       0      28        0.0%
BITSFR28             0      0       0      29        0.0%
SFR28                0      0       0      29        0.0%
BITSFR29             0      0       0      30        0.0%
SFR29                0      0       0      30        0.0%
BITSFR30             0      0       0      31        0.0%
SFR30                0      0       0      31        0.0%
BITSFR31             0      0       0      32        0.0%
SFR31                0      0       0      32        0.0%


Microchip Technology PIC Macro Assembler V1.32 build 58300 
Symbol Table                                                                                   Tue Feb 17 21:50:52 2015

                      _B 0024                        _G 0025                        _R 007D  
            __CFG_CP$OFF 0000                       l35 074C              __CFG_LVP$ON 0000  
                    l623 0768                      l643 079A                      l627 0774  
                    l635 078A                      l629 0777                      l663 07CC  
                    l647 07A6                      l655 07BC                      l649 07A9  
                    l667 07D8                      l675 07EE                      l677 07F3  
                    l669 07DB                      l689 0728                      u215 0756  
                    u227 0744                      u237 07F5             __CFG_CPD$OFF 0000  
           __CFG_BORV$LO 0000             __CFG_IESO$ON 0000             __CFG_WRT$OFF 0000  
          __CFG_FCMEN$ON 0000                     _main 0715                     fsr1h 0007  
                   indf1 0001                     fsr1l 0006                     btemp 007E  
          __CFG_BOREN$ON 0000                     ltemp 007E                     start 0002  
                   ttemp 007E                     wtemp 007E            __CFG_MCLRE$ON 0000  
        __end_of_SendLED 07F9            __CFG_PLLEN$ON 0000                    ?_main 0079  
          __CFG_WDTE$OFF 0000                    _Data0 0705                    _Data1 070B  
             SendLED@num 0070                    main@i 0022                    ltemp0 007E  
                  ltemp1 0082                    ltemp2 0086                    ltemp3 0080  
                  ttemp0 007E                    ttemp1 0081                    ttemp2 0084  
                  ttemp3 0087                    ttemp4 007F                    status 0003  
                  wtemp0 007E                    wtemp1 0080                    wtemp2 0082  
                  wtemp3 0084                    wtemp4 0086                    wtemp5 0088  
                  wtemp6 007F          __initialization 07F9             __end_of_main 074A  
                 ??_main 0020                   ?_Data0 0070                   ?_Data1 0070  
                 _ADCON0 009D                   _ADRESH 009C                   _ADRESL 009B  
            SendLED@comp 0077           __CFG_PWRTE$OFF 0000                ??_SendLED 0072  
         __CFG_STVREN$ON 0000  __end_of__initialization 07FC            __end_of_Data0 070B  
          __end_of_Data1 0715           __pcstackCOMMON 0070                  ??_Data0 0070  
                ??_Data1 0070               __pbssBANK0 0024          __CFG_VCAPEN$OFF 0000  
             __pmaintext 0715             SendLED@loop8 0075                  _SendLED 074A  
                __ptext0 0000                  __ptext1 074A                  __ptext2 070B  
                __ptext3 0705     end_of_initialization 07FC         __CFG_FOSC$INTOSC 0000  
              _TRISCbits 008E           SendLED@loopNum 0073      start_initialization 07F9  
            __pbssCOMMON 007D                ___latbits 0002            __pcstackBANK0 0020  
               ?_SendLED 0070           __size_of_Data0 0006           __size_of_Data1 000A  
               _LATCbits 010E         __size_of_SendLED 00AF            __size_of_main 0035  
               main@argc 0079                 main@argv 007B              pic14e$flags 007E  
      __CFG_CLKOUTEN$OFF 0000               _OSCCONbits 0099  
